
Options ResourceUsage=yes UseNutmegFormat=no EnableOptim=no TopDesignName="Amplificador_CSA_lib:Mediciones:schematic"
#uselib "ckt" , "S2P"
S2P:SNP1  N__29 N__23 0 File="/home/pablog/work/Mediciones VNA/2019-02-01 Mediciones Amp CSA/1.s2p" Type="touchstone" InterpMode="linear" InterpDom="" ExtrapMode="constant" Temp=27.0 CheckPassivity=0 
#uselib "ckt" , "S2P"
S2P:SNP2  N__1 N__15 0 File="/home/pablog/work/Mediciones VNA/2019-02-01 Mediciones Amp CSA/2.s2p" Type="touchstone" InterpMode="linear" InterpDom="" ExtrapMode="constant" Temp=27.0 CheckPassivity=0 
#uselib "ckt" , "S2P"
S2P:SNP3  N__6 N__8 0 File="/home/pablog/work/Mediciones VNA/2019-02-01 Mediciones Amp CSA/3.s2p" Type="touchstone" InterpMode="linear" InterpDom="" ExtrapMode="constant" Temp=27.0 CheckPassivity=0 
Port:Term1  N__29 0 Num=1 Z=50 Ohm Noise=yes 
Port:Term2  N__23 0 Num=2 Z=50 Ohm Noise=yes 
Port:Term3  N__1 0 Num=3 Z=50 Ohm Noise=yes 
Port:Term4  N__15 0 Num=4 Z=50 Ohm Noise=yes 
Port:Term5  N__6 0 Num=5 Z=50 Ohm Noise=yes 
Port:Term6  N__8 0 Num=6 Z=50 Ohm Noise=yes 
S_Param:SP1 CalcS=yes CalcY=no CalcZ=no GroupDelayAperture=1e-4 FreqConversion=no FreqConversionPort=1 StatusLevel=2 CalcNoise=no SortNoise=0 BandwidthForNoise=1.0 Hz DevOpPtLevel=0 \
SweepVar="freq" SweepPlan="SP1_stim" OutputPlan="SP1_Output" 

SweepPlan: SP1_stim Start=10 MHz Stop=6 GHz Step=10 MHz 

OutputPlan:SP1_Output \
      Type="Output" \
      UseEquationNestLevel=yes \
      EquationNestLevel=2 \
      UseSavedEquationNestLevel=yes \
      SavedEquationNestLevel=2

#load "python","LinearCollapse"
Component Module="LinearCollapse" Type="ModelExtractor" NetworkRepresentation=2
model MSub1 MSUB H=6.8 mil Er=3.66 Mur=1 Cond=1.0E+50 Hu=3.9e+34 mil T=17 um TanD=0.012 Rough=0 mil DielectricLossModel=1 FreqForEpsrTanD=1.0 GHz LowFreqForTanD=1.0 kHz HighFreqForTanD=1.0 THz RoughnessModel=2 

#ifndef muRataLibWeb
#define muRataLibWeb
; models
#include "/home/pablog/work/repoADS/LibsComunes/muratalib/murata_lib_ads2011later_16061e/circuit/models/GA342.net"
#include "/home/pablog/work/repoADS/LibsComunes/muratalib/murata_lib_ads2011later_16061e/circuit/models/LQW15CA_00.net"
#include "/home/pablog/work/repoADS/LibsComunes/muratalib/murata_lib_ads2011later_16061e/circuit/models/LLL18.net"
#include "/home/pablog/work/repoADS/LibsComunes/muratalib/murata_lib_ads2011later_16061e/circuit/models/LQW18AN_0Z.net"
#include "/home/pablog/work/repoADS/LibsComunes/muratalib/murata_lib_ads2011later_16061e/circuit/models/GCM43.net"
#include "/home/pablog/work/repoADS/LibsComunes/muratalib/murata_lib_ads2011later_16061e/circuit/models/KC355.net"
#include "/home/pablog/work/repoADS/LibsComunes/muratalib/murata_lib_ads2011later_16061e/circuit/models/LQP03HQ_02.net"
#include "/home/pablog/work/repoADS/LibsComunes/muratalib/murata_lib_ads2011later_16061e/circuit/models/KR355.net"
#include "/home/pablog/work/repoADS/LibsComunes/muratalib/murata_lib_ads2011later_16061e/circuit/models/GJM15.net"
#include "/home/pablog/work/repoADS/LibsComunes/muratalib/murata_lib_ads2011later_16061e/circuit/models/LQW18AN_80.net"
#include "/home/pablog/work/repoADS/LibsComunes/muratalib/murata_lib_ads2011later_16061e/circuit/models/GRJ18.net"
#include "/home/pablog/work/repoADS/LibsComunes/muratalib/murata_lib_ads2011later_16061e/circuit/models/KRM55.net"
#include "/home/pablog/work/repoADS/LibsComunes/muratalib/murata_lib_ads2011later_16061e/circuit/models/LQW15AN_0Z.net"
#include "/home/pablog/work/repoADS/LibsComunes/muratalib/murata_lib_ads2011later_16061e/circuit/models/GCJ55.net"
#include "/home/pablog/work/repoADS/LibsComunes/muratalib/murata_lib_ads2011later_16061e/circuit/models/LLL31.net"
#include "/home/pablog/work/repoADS/LibsComunes/muratalib/murata_lib_ads2011later_16061e/circuit/models/LQW04AN_10.net"
#include "/home/pablog/work/repoADS/LibsComunes/muratalib/murata_lib_ads2011later_16061e/circuit/models/GR442.net"
#include "/home/pablog/work/repoADS/LibsComunes/muratalib/murata_lib_ads2011later_16061e/circuit/models/GRJ21.net"
#include "/home/pablog/work/repoADS/LibsComunes/muratalib/murata_lib_ads2011later_16061e/circuit/models/LQW15CN_10.net"
#include "/home/pablog/work/repoADS/LibsComunes/muratalib/murata_lib_ads2011later_16061e/circuit/models/GRJ31.net"
#include "/home/pablog/work/repoADS/LibsComunes/muratalib/murata_lib_ads2011later_16061e/circuit/models/LQP03TQ_02.net"
#include "/home/pablog/work/repoADS/LibsComunes/muratalib/murata_lib_ads2011later_16061e/circuit/models/KRM31.net"
#include "/home/pablog/work/repoADS/LibsComunes/muratalib/murata_lib_ads2011later_16061e/circuit/models/GR731.net"
#include "/home/pablog/work/repoADS/LibsComunes/muratalib/murata_lib_ads2011later_16061e/circuit/models/LQG15HZ_02.net"
#include "/home/pablog/work/repoADS/LibsComunes/muratalib/murata_lib_ads2011later_16061e/circuit/models/LLR18.net"
#include "/home/pablog/work/repoADS/LibsComunes/muratalib/murata_lib_ads2011later_16061e/circuit/models/LLL1U.net"
#include "/home/pablog/work/repoADS/LibsComunes/muratalib/murata_lib_ads2011later_16061e/circuit/models/LQW04AN_00.net"
#include "/home/pablog/work/repoADS/LibsComunes/muratalib/murata_lib_ads2011later_16061e/circuit/models/LQW15AN_00.net"
#include "/home/pablog/work/repoADS/LibsComunes/muratalib/murata_lib_ads2011later_16061e/circuit/models/GC355.net"
#include "/home/pablog/work/repoADS/LibsComunes/muratalib/murata_lib_ads2011later_16061e/circuit/models/LQP03TN_Z2.net"
#include "/home/pablog/work/repoADS/LibsComunes/muratalib/murata_lib_ads2011later_16061e/circuit/models/GQM18.net"
#include "/home/pablog/work/repoADS/LibsComunes/muratalib/murata_lib_ads2011later_16061e/circuit/models/KRM21.net"
#include "/home/pablog/work/repoADS/LibsComunes/muratalib/murata_lib_ads2011later_16061e/circuit/models/GCM18.net"
#include "/home/pablog/work/repoADS/LibsComunes/muratalib/murata_lib_ads2011later_16061e/circuit/models/GR332.net"
#include "/home/pablog/work/repoADS/LibsComunes/muratalib/murata_lib_ads2011later_16061e/circuit/models/GQM22.net"
#include "/home/pablog/work/repoADS/LibsComunes/muratalib/murata_lib_ads2011later_16061e/circuit/models/GRM55.net"
#include "/home/pablog/work/repoADS/LibsComunes/muratalib/murata_lib_ads2011later_16061e/circuit/models/GRJ55.net"
#include "/home/pablog/work/repoADS/LibsComunes/muratalib/murata_lib_ads2011later_16061e/circuit/models/GRM18.net"
#include "/home/pablog/work/repoADS/LibsComunes/muratalib/murata_lib_ads2011later_16061e/circuit/models/LQP03TG_02.net"
#include "/home/pablog/work/repoADS/LibsComunes/muratalib/murata_lib_ads2011later_16061e/circuit/models/GRM43.net"
#include "/home/pablog/work/repoADS/LibsComunes/muratalib/murata_lib_ads2011later_16061e/circuit/models/GA255.net"
#include "/home/pablog/work/repoADS/LibsComunes/muratalib/murata_lib_ads2011later_16061e/circuit/models/GJM03.net"
#include "/home/pablog/work/repoADS/LibsComunes/muratalib/murata_lib_ads2011later_16061e/circuit/models/GRM21.net"
#include "/home/pablog/work/repoADS/LibsComunes/muratalib/murata_lib_ads2011later_16061e/circuit/models/GJ831.net"
#include "/home/pablog/work/repoADS/LibsComunes/muratalib/murata_lib_ads2011later_16061e/circuit/models/GQM21.net"
#include "/home/pablog/work/repoADS/LibsComunes/muratalib/murata_lib_ads2011later_16061e/circuit/models/LQW21HN_00.net"
#include "/home/pablog/work/repoADS/LibsComunes/muratalib/murata_lib_ads2011later_16061e/circuit/models/GA355.net"
#include "/home/pablog/work/repoADS/LibsComunes/muratalib/murata_lib_ads2011later_16061e/circuit/models/GRT32.net"
#include "/home/pablog/work/repoADS/LibsComunes/muratalib/murata_lib_ads2011later_16061e/circuit/models/LQW18AN_10.net"
#include "/home/pablog/work/repoADS/LibsComunes/muratalib/murata_lib_ads2011later_16061e/circuit/models/GJ821.net"
#include "/home/pablog/work/repoADS/LibsComunes/muratalib/murata_lib_ads2011later_16061e/circuit/models/GCE21.net"
#include "/home/pablog/work/repoADS/LibsComunes/muratalib/murata_lib_ads2011later_16061e/circuit/models/GCE18.net"
#include "/home/pablog/work/repoADS/LibsComunes/muratalib/murata_lib_ads2011later_16061e/circuit/models/GRT15.net"
#include "/home/pablog/work/repoADS/LibsComunes/muratalib/murata_lib_ads2011later_16061e/circuit/models/GCM21.net"
#include "/home/pablog/work/repoADS/LibsComunes/muratalib/murata_lib_ads2011later_16061e/circuit/models/LQW2UAS_00.net"
#include "/home/pablog/work/repoADS/LibsComunes/muratalib/murata_lib_ads2011later_16061e/circuit/models/GCM03.net"
#include "/home/pablog/work/repoADS/LibsComunes/muratalib/murata_lib_ads2011later_16061e/circuit/models/LQW2BAS_00.net"
#include "/home/pablog/work/repoADS/LibsComunes/muratalib/murata_lib_ads2011later_16061e/circuit/models/GRM03.net"
#include "/home/pablog/work/repoADS/LibsComunes/muratalib/murata_lib_ads2011later_16061e/circuit/models/GCJ32.net"
#include "/home/pablog/work/repoADS/LibsComunes/muratalib/murata_lib_ads2011later_16061e/circuit/models/GCJ18.net"
#include "/home/pablog/work/repoADS/LibsComunes/muratalib/murata_lib_ads2011later_16061e/circuit/models/LQW04CA_00.net"
#include "/home/pablog/work/repoADS/LibsComunes/muratalib/murata_lib_ads2011later_16061e/circuit/models/GR331.net"
#include "/home/pablog/work/repoADS/LibsComunes/muratalib/murata_lib_ads2011later_16061e/circuit/models/LQW18AN_8Z.net"
#include "/home/pablog/work/repoADS/LibsComunes/muratalib/murata_lib_ads2011later_16061e/circuit/models/GA242.net"
#include "/home/pablog/work/repoADS/LibsComunes/muratalib/murata_lib_ads2011later_16061e/circuit/models/LQW15AN_80.net"
#include "/home/pablog/work/repoADS/LibsComunes/muratalib/murata_lib_ads2011later_16061e/circuit/models/GQM15.net"
#include "/home/pablog/work/repoADS/LibsComunes/muratalib/murata_lib_ads2011later_16061e/circuit/models/ZRB18.net"
#include "/home/pablog/work/repoADS/LibsComunes/muratalib/murata_lib_ads2011later_16061e/circuit/models/LQG15HH_02.net"
#include "/home/pablog/work/repoADS/LibsComunes/muratalib/murata_lib_ads2011later_16061e/circuit/models/LQP03TN_02.net"
#include "/home/pablog/work/repoADS/LibsComunes/muratalib/murata_lib_ads2011later_16061e/circuit/models/GCJ43.net"
#include "/home/pablog/work/repoADS/LibsComunes/muratalib/murata_lib_ads2011later_16061e/circuit/models/GC343.net"
#include "/home/pablog/work/repoADS/LibsComunes/muratalib/murata_lib_ads2011later_16061e/circuit/models/ZRB15.net"
#include "/home/pablog/work/repoADS/LibsComunes/muratalib/murata_lib_ads2011later_16061e/circuit/models/GRT21.net"
#include "/home/pablog/work/repoADS/LibsComunes/muratalib/murata_lib_ads2011later_16061e/circuit/models/GRJ32.net"
#include "/home/pablog/work/repoADS/LibsComunes/muratalib/murata_lib_ads2011later_16061e/circuit/models/GR355.net"
#include "/home/pablog/work/repoADS/LibsComunes/muratalib/murata_lib_ads2011later_16061e/circuit/models/GCD18.net"
#include "/home/pablog/work/repoADS/LibsComunes/muratalib/murata_lib_ads2011later_16061e/circuit/models/KCM55.net"
#include "/home/pablog/work/repoADS/LibsComunes/muratalib/murata_lib_ads2011later_16061e/circuit/models/LQP15MN_02.net"
#include "/home/pablog/work/repoADS/LibsComunes/muratalib/murata_lib_ads2011later_16061e/circuit/models/LQW15CN_00.net"
#include "/home/pablog/work/repoADS/LibsComunes/muratalib/murata_lib_ads2011later_16061e/circuit/models/GR721.net"
#include "/home/pablog/work/repoADS/LibsComunes/muratalib/murata_lib_ads2011later_16061e/circuit/models/LQP02TQ_02.net"
#include "/home/pablog/work/repoADS/LibsComunes/muratalib/murata_lib_ads2011later_16061e/circuit/models/GCM55.net"
#include "/home/pablog/work/repoADS/LibsComunes/muratalib/murata_lib_ads2011later_16061e/circuit/models/LQW18CN_00.net"
#include "/home/pablog/work/repoADS/LibsComunes/muratalib/murata_lib_ads2011later_16061e/circuit/models/GA343.net"
#include "/home/pablog/work/repoADS/LibsComunes/muratalib/murata_lib_ads2011later_16061e/circuit/models/LQW15AN_10.net"
#include "/home/pablog/work/repoADS/LibsComunes/muratalib/murata_lib_ads2011later_16061e/circuit/models/GA243.net"
#include "/home/pablog/work/repoADS/LibsComunes/muratalib/murata_lib_ads2011later_16061e/circuit/models/GRJ43.net"
#include "/home/pablog/work/repoADS/LibsComunes/muratalib/murata_lib_ads2011later_16061e/circuit/models/LLL21.net"
#include "/home/pablog/work/repoADS/LibsComunes/muratalib/murata_lib_ads2011later_16061e/circuit/models/LQW15AN_1Z.net"
#include "/home/pablog/work/repoADS/LibsComunes/muratalib/murata_lib_ads2011later_16061e/circuit/models/GRM32.net"
#include "/home/pablog/work/repoADS/LibsComunes/muratalib/murata_lib_ads2011later_16061e/circuit/models/GC332.net"
#include "/home/pablog/work/repoADS/LibsComunes/muratalib/murata_lib_ads2011later_16061e/circuit/models/GR321.net"
#include "/home/pablog/work/repoADS/LibsComunes/muratalib/murata_lib_ads2011later_16061e/circuit/models/LQG15WZ_02.net"
#include "/home/pablog/work/repoADS/LibsComunes/muratalib/murata_lib_ads2011later_16061e/circuit/models/GJ832.net"
#include "/home/pablog/work/repoADS/LibsComunes/muratalib/murata_lib_ads2011later_16061e/circuit/models/LQP03PN_02.net"
#include "/home/pablog/work/repoADS/LibsComunes/muratalib/murata_lib_ads2011later_16061e/circuit/models/GR443.net"
#include "/home/pablog/work/repoADS/LibsComunes/muratalib/murata_lib_ads2011later_16061e/circuit/models/GCJ31.net"
#include "/home/pablog/work/repoADS/LibsComunes/muratalib/murata_lib_ads2011later_16061e/circuit/models/GRT31.net"
#include "/home/pablog/work/repoADS/LibsComunes/muratalib/murata_lib_ads2011later_16061e/circuit/models/GRM02.net"
#include "/home/pablog/work/repoADS/LibsComunes/muratalib/murata_lib_ads2011later_16061e/circuit/models/LQW03AW_00.net"
#include "/home/pablog/work/repoADS/LibsComunes/muratalib/murata_lib_ads2011later_16061e/circuit/models/LQW15AN_8Z.net"
#include "/home/pablog/work/repoADS/LibsComunes/muratalib/murata_lib_ads2011later_16061e/circuit/models/LQG18HN_00.net"
#include "/home/pablog/work/repoADS/LibsComunes/muratalib/murata_lib_ads2011later_16061e/circuit/models/GRM42.net"
#include "/home/pablog/work/repoADS/LibsComunes/muratalib/murata_lib_ads2011later_16061e/circuit/models/GCM15.net"
#include "/home/pablog/work/repoADS/LibsComunes/muratalib/murata_lib_ads2011later_16061e/circuit/models/LQW2BAN_00.net"
#include "/home/pablog/work/repoADS/LibsComunes/muratalib/murata_lib_ads2011later_16061e/circuit/models/LQW18AN_1Z.net"
#include "/home/pablog/work/repoADS/LibsComunes/muratalib/murata_lib_ads2011later_16061e/circuit/models/GRT03.net"
#include "/home/pablog/work/repoADS/LibsComunes/muratalib/murata_lib_ads2011later_16061e/circuit/models/GCM32.net"
#include "/home/pablog/work/repoADS/LibsComunes/muratalib/murata_lib_ads2011later_16061e/circuit/models/LQG15HN_02.net"
#include "/home/pablog/work/repoADS/LibsComunes/muratalib/murata_lib_ads2011later_16061e/circuit/models/LQG15HS_02.net"
#include "/home/pablog/work/repoADS/LibsComunes/muratalib/murata_lib_ads2011later_16061e/circuit/models/GRJ15.net"
#include "/home/pablog/work/repoADS/LibsComunes/muratalib/murata_lib_ads2011later_16061e/circuit/models/GC321.net"
#include "/home/pablog/work/repoADS/LibsComunes/muratalib/murata_lib_ads2011later_16061e/circuit/models/GCD21.net"
#include "/home/pablog/work/repoADS/LibsComunes/muratalib/murata_lib_ads2011later_16061e/circuit/models/GRM15.net"
#include "/home/pablog/work/repoADS/LibsComunes/muratalib/murata_lib_ads2011later_16061e/circuit/models/LQP02HQ_02.net"
#include "/home/pablog/work/repoADS/LibsComunes/muratalib/murata_lib_ads2011later_16061e/circuit/models/GJ431.net"
#include "/home/pablog/work/repoADS/LibsComunes/muratalib/murata_lib_ads2011later_16061e/circuit/models/GA352.net"
#include "/home/pablog/work/repoADS/LibsComunes/muratalib/murata_lib_ads2011later_16061e/circuit/models/GJM02.net"
#include "/home/pablog/work/repoADS/LibsComunes/muratalib/murata_lib_ads2011later_16061e/circuit/models/LQG15WH_02.net"
#include "/home/pablog/work/repoADS/LibsComunes/muratalib/murata_lib_ads2011later_16061e/circuit/models/LQW18AN_00.net"
#include "/home/pablog/work/repoADS/LibsComunes/muratalib/murata_lib_ads2011later_16061e/circuit/models/GC331.net"
#include "/home/pablog/work/repoADS/LibsComunes/muratalib/murata_lib_ads2011later_16061e/circuit/models/LLL15.net"
#include "/home/pablog/work/repoADS/LibsComunes/muratalib/murata_lib_ads2011later_16061e/circuit/models/GRM01.net"
#include "/home/pablog/work/repoADS/LibsComunes/muratalib/murata_lib_ads2011later_16061e/circuit/models/GCM31.net"
#include "/home/pablog/work/repoADS/LibsComunes/muratalib/murata_lib_ads2011later_16061e/circuit/models/GCJ21.net"
#include "/home/pablog/work/repoADS/LibsComunes/muratalib/murata_lib_ads2011later_16061e/circuit/models/GRM31.net"
#include "/home/pablog/work/repoADS/LibsComunes/muratalib/murata_lib_ads2011later_16061e/circuit/models/GR455.net"
#include "/home/pablog/work/repoADS/LibsComunes/muratalib/murata_lib_ads2011later_16061e/circuit/models/LQP02TN_02.net"
#include "/home/pablog/work/repoADS/LibsComunes/muratalib/murata_lib_ads2011later_16061e/circuit/models/GRT18.net"
#include "/home/pablog/work/repoADS/LibsComunes/muratalib/murata_lib_ads2011later_16061e/circuit/models/GR343.net"
#endif


