License checkout took 0.025 sec
Momentum MomEngine_64 11.40.482 (*) built: Dec  2 2014
Copyright 1992-2014, Keysight Technologies
Simulation started on: Tue Sep 11 14:37:55 2018
Simulation Mode: uW
Substrate valid
Automatically determined a snap distance of
0.0021 mil for layout healing.
Layout simplification started
.........|.........|.........|.........| 
Layout simplification finished

--- WARNING -------------------------------------------------------------------

The port setup needed to be corrected:
Calibration will not be used for port "P7" (pin
"P7" is not on the edge between a conductive and
a nonconductive region).

-------------------------------------------------------------------------------

--- WARNING -------------------------------------------------------------------

The port setup needed to be corrected:
Calibration will not be used for port "P8" (pin
"P8" is not on the edge between a conductive and
a nonconductive region).

-------------------------------------------------------------------------------

--- WARNING -------------------------------------------------------------------

The port setup needed to be corrected:
Calibration will not be used for port "P9" (pin
"P9" is not on the edge between a conductive and
a nonconductive region).

-------------------------------------------------------------------------------

--- WARNING -------------------------------------------------------------------

The port setup needed to be corrected:
Calibration will not be used for port "P10" (pin
"P10" is not on the edge between a conductive
and a nonconductive region).

-------------------------------------------------------------------------------

--- WARNING -------------------------------------------------------------------

The port setup needed to be corrected:
Calibration will not be used for port "P11" (pin
"P11" is not on the edge between a conductive
and a nonconductive region).

-------------------------------------------------------------------------------

--- WARNING -------------------------------------------------------------------

The port setup needed to be corrected:
Calibration will not be used for port "P12" (pin
"P12" is not on the edge between a conductive
and a nonconductive region).

-------------------------------------------------------------------------------

--- WARNING -------------------------------------------------------------------

The port setup needed to be corrected:
Calibration will not be used for port "P13" (pin
"P13" is not on the edge between a conductive
and a nonconductive region).

-------------------------------------------------------------------------------

--- WARNING -------------------------------------------------------------------

The port setup needed to be corrected:
Calibration will not be used for port "P14" (pin
"P14" is not on the edge between a conductive
and a nonconductive region).

-------------------------------------------------------------------------------

--- WARNING -------------------------------------------------------------------

The port setup needed to be corrected:
Calibration will not be used for port "P15" (pin
"P15" is not on the edge between a conductive
and a nonconductive region).

-------------------------------------------------------------------------------

--- WARNING -------------------------------------------------------------------

The port setup needed to be corrected:
Calibration will not be used for port "P16" (pin
"P16" is not on the edge between a conductive
and a nonconductive region).

-------------------------------------------------------------------------------

--- WARNING -------------------------------------------------------------------

The port setup needed to be corrected:
Calibration will not be used for port "P17" (pin
"P17" is not on the edge between a conductive
and a nonconductive region).

-------------------------------------------------------------------------------

--- WARNING -------------------------------------------------------------------

The port setup needed to be corrected:
Calibration will not be used for port "P18" (pin
"P18" is not on the edge between a conductive
and a nonconductive region).

-------------------------------------------------------------------------------

--- WARNING -------------------------------------------------------------------

The port setup needed to be corrected:
TML calibration for port "P2" has been changed
to TML (zero length) calibration because the
transmission line of pin "P2" would otherwise
intersect with the layout.

-------------------------------------------------------------------------------

--- WARNING -------------------------------------------------------------------

The port setup needed to be corrected:
TML calibration for port "P3" has been changed
to TML (zero length) calibration because the
transmission line of pin "P3" would otherwise
intersect with the layout.

-------------------------------------------------------------------------------

--- WARNING -------------------------------------------------------------------

The port setup needed to be corrected:
TML calibration for port "P4" has been changed
to TML (zero length) calibration because the
transmission line of pin "P4" would otherwise
intersect with the layout.

-------------------------------------------------------------------------------

--- WARNING -------------------------------------------------------------------

The port setup needed to be corrected:
TML calibration for port "P6" has been changed
to TML (zero length) calibration because the
transmission line of pin "P6" would otherwise
intersect with the layout.

-------------------------------------------------------------------------------
Generating mesh at 10 GHz...
License checkout took 0.022 sec
S-parameter simulation
S-parameter simulation started
...initializing
...extracting layout
...analyzing ports
...reducing mesh
Automatic selection: direct compressed matrix solver
Using multi-threading (4 threads)
Matrix size: 4933 (reduced: 4556)
Adaptive frequency sweep started
Simulation frequency [1] = 0 Hz
...loading Green functions
...creating Basis sections
...allocating interaction matrix
...loading interaction matrix
.........|.........|.........|.........| 
...solving interaction matrix
.........|.........|.........|.........| 
...calibrating ports
.........|.........|.........|.........| 
...calculating S-parameters
Simulation frequency [2] = 10 GHz
...loading Green functions
...loading interaction matrix
.........|.........|.........|.........| 
...solving interaction matrix
.........|.........|.........|.........| 
...calibrating ports
.........|.........|.........|.........| 
...calculating S-parameters
Adaptive:   0.0 % of frequency range covered
Simulation frequency [3] = 6.66667 GHz
...loading Green functions
...loading interaction matrix
.........|.........|.........|.........| 
...solving interaction matrix
.........|.........|.........|.........| 
...calibrating ports
.........|.........|.........|.........| 
...calculating S-parameters
Simulation frequency [4] = 3.33333 GHz
...loading Green functions
...loading interaction matrix
.........|.........|.........|.........| 
...solving interaction matrix
.........|.........|.........|.........| 
...calibrating ports
.........|.........|.........|.........| 
...calculating S-parameters

--- WARNING -------------------------------------------------------------------

This circuit contains more than 8 ports. To increase efficiency, AFS files 
will be written with less significant digits until the end of the simulation.

-------------------------------------------------------------------------------
Simulation frequency [5] = 555.556 MHz
...loading Green functions
...loading interaction matrix
.........|.........|.........|.........| 
...solving interaction matrix
.........|.........|.........|.........| 
...calibrating ports
.........|.........|.........|.........| 
...calculating S-parameters
Simulation frequency [6] = 1.94444 GHz
...loading Green functions
...loading interaction matrix
.........|.........|.........|.........| 
...solving interaction matrix
.........|.........|.........|.........| 
...calibrating ports
.........|.........|.........|.........| 
...calculating S-parameters
Simulation frequency [7] = 8.88889 GHz
...loading Green functions
...loading interaction matrix
.........|.........|.........|.........| 
...solving interaction matrix
.........|.........|.........|.........| 
...calibrating ports
.........|.........|.........|.........| 
...calculating S-parameters
Adaptive: 100.0 % of frequency range covered
S-parameter simulation finished
Simulation finished on: Tue Sep 11 14:39:33 2018
The simulation results have been saved in dataset "Amp_CSA_Layout_MomUW".
