Automatically determined a snap distance of
0.0021 mil for layout healing.

--- WARNING -------------------------------------------------------------------

The port setup needed to be corrected:
Calibration will not be used for port "P7" (pin
"P7" is not on the edge between a conductive and
a nonconductive region).

-------------------------------------------------------------------------------


--- WARNING -------------------------------------------------------------------

The port setup needed to be corrected:
Calibration will not be used for port "P8" (pin
"P8" is not on the edge between a conductive and
a nonconductive region).

-------------------------------------------------------------------------------


--- WARNING -------------------------------------------------------------------

The port setup needed to be corrected:
Calibration will not be used for port "P9" (pin
"P9" is not on the edge between a conductive and
a nonconductive region).

-------------------------------------------------------------------------------


--- WARNING -------------------------------------------------------------------

The port setup needed to be corrected:
Calibration will not be used for port "P10" (pin
"P10" is not on the edge between a conductive
and a nonconductive region).

-------------------------------------------------------------------------------


--- WARNING -------------------------------------------------------------------

The port setup needed to be corrected:
Calibration will not be used for port "P11" (pin
"P11" is not on the edge between a conductive
and a nonconductive region).

-------------------------------------------------------------------------------


--- WARNING -------------------------------------------------------------------

The port setup needed to be corrected:
Calibration will not be used for port "P12" (pin
"P12" is not on the edge between a conductive
and a nonconductive region).

-------------------------------------------------------------------------------


--- WARNING -------------------------------------------------------------------

The port setup needed to be corrected:
Calibration will not be used for port "P13" (pin
"P13" is not on the edge between a conductive
and a nonconductive region).

-------------------------------------------------------------------------------


--- WARNING -------------------------------------------------------------------

The port setup needed to be corrected:
Calibration will not be used for port "P14" (pin
"P14" is not on the edge between a conductive
and a nonconductive region).

-------------------------------------------------------------------------------


--- WARNING -------------------------------------------------------------------

The port setup needed to be corrected:
Calibration will not be used for port "P15" (pin
"P15" is not on the edge between a conductive
and a nonconductive region).

-------------------------------------------------------------------------------


--- WARNING -------------------------------------------------------------------

The port setup needed to be corrected:
Calibration will not be used for port "P16" (pin
"P16" is not on the edge between a conductive
and a nonconductive region).

-------------------------------------------------------------------------------


--- WARNING -------------------------------------------------------------------

The port setup needed to be corrected:
Calibration will not be used for port "P17" (pin
"P17" is not on the edge between a conductive
and a nonconductive region).

-------------------------------------------------------------------------------


--- WARNING -------------------------------------------------------------------

The port setup needed to be corrected:
Calibration will not be used for port "P18" (pin
"P18" is not on the edge between a conductive
and a nonconductive region).

-------------------------------------------------------------------------------


--- WARNING -------------------------------------------------------------------

The port setup needed to be corrected:
TML calibration for port "P2" has been changed
to TML (zero length) calibration because the
transmission line of pin "P2" would otherwise
intersect with the layout.

-------------------------------------------------------------------------------


--- WARNING -------------------------------------------------------------------

The port setup needed to be corrected:
TML calibration for port "P3" has been changed
to TML (zero length) calibration because the
transmission line of pin "P3" would otherwise
intersect with the layout.

-------------------------------------------------------------------------------


--- WARNING -------------------------------------------------------------------

The port setup needed to be corrected:
TML calibration for port "P4" has been changed
to TML (zero length) calibration because the
transmission line of pin "P4" would otherwise
intersect with the layout.

-------------------------------------------------------------------------------


--- WARNING -------------------------------------------------------------------

The port setup needed to be corrected:
TML calibration for port "P6" has been changed
to TML (zero length) calibration because the
transmission line of pin "P6" would otherwise
intersect with the layout.

-------------------------------------------------------------------------------

Generating mesh at 10 GHz...
