==============================================================================

                  ------ MOMENTUM STATISTICS (MW mode) ------

              Momentum MomEngine_64 11.40.482 (*) built: Dec  2 2014
                           Tue Sep 11 14:38:01 2018

==============================================================================


------------------------------------------------------------------------------
MESH
------------------------------------------------------------------------------
 Frequency          : 10 GHz

 Rectangular cells  : 1918
 Quadrangular cells : 425
 Triangular cells   : 185
 Via cells          : 42

 Edge currents      : 4611

------------------------------------------------------------------------------
SOLVER                        USER TIME      ELAPSED TIME      MEMORY         
PROCESSES                      (h:m:s)          (h:m:s)         (MB)          
------------------------------------------------------------------------------

SIMULATION SET-UP
-----------------
 Initialization           |     0: 0: 0   |     0: 0: 0   |    114.46   
 Ports analysis           |     0: 0: 2   |     0: 0: 2   |      2.03   
 Mesh processing          |     0: 0: 1   |     0: 0: 1   |     42.89   

 Matrix size : 4933
 Reduced matrix size : 4556
 Estimated process size : 401.36 MB

1. SIMULATION FREQUENCY = 0 Hz 
-------------------------
 Green functions          |     0: 0: 0   |     0: 0: 0   |      0.50   
 Basis creation           |     0: 0: 2   |     0: 0: 1   |     67.69   
 Matrix load              |     0: 0:19   |     0: 0: 6   |    113.80   
 Matrix solve             |     0: 0: 4   |     0: 0: 2   |     46.26   
 Port calibration         |     0: 0:13   |     0: 0: 6   |    142.96   
 S parameters             |     0: 0: 0   |     0: 0: 0   |      0.00   
 S transformation         |     0: 0: 0   |     0: 0: 0   |      0.00   
 Data storage             |     0: 0: 0   |     0: 0: 0   |      1.00   

2. SIMULATION FREQUENCY = 10 GHz 
-------------------------
 Green functions          |     0: 0: 1   |     0: 0: 0   |      0.00   
 Matrix load              |     0: 0:17   |     0: 0: 5   |      0.18   
 Matrix solve             |     0: 0: 3   |     0: 0: 1   |      3.38   
 Port calibration         |     0: 0: 9   |     0: 0: 5   |      6.16   
 S parameters             |     0: 0: 0   |     0: 0: 0   |      0.00   
 S transformation         |     0: 0: 0   |     0: 0: 0   |      0.00   
 Data storage             |     0: 0: 0   |     0: 0: 0   |      0.00   
 Adaptive sampling        |     0: 0: 0   |     0: 0: 0   |      0.00   

3. SIMULATION FREQUENCY = 6.66667 GHz 
-------------------------
 Green functions          |     0: 0: 1   |     0: 0: 0   |      0.00   
 Matrix load              |     0: 0:17   |     0: 0: 5   |      0.01   
 Matrix solve             |     0: 0: 3   |     0: 0: 2   |      1.03   
 Port calibration         |     0: 0:10   |     0: 0: 5   |      0.03   
 S parameters             |     0: 0: 0   |     0: 0: 0   |      0.00   
 S transformation         |     0: 0: 0   |     0: 0: 0   |      0.00   
 Data storage             |     0: 0: 0   |     0: 0: 0   |      0.00   
 Adaptive sampling        |     0: 0: 0   |     0: 0: 0   |      0.00   

4. SIMULATION FREQUENCY = 3.33333 GHz 
-------------------------
 Green functions          |     0: 0: 1   |     0: 0: 0   |      0.00   
 Matrix load              |     0: 0:19   |     0: 0: 6   |      0.00   
 Matrix solve             |     0: 0: 3   |     0: 0: 2   |      0.00   
 Port calibration         |     0: 0:11   |     0: 0: 5   |      0.00   
 S parameters             |     0: 0: 0   |     0: 0: 0   |      0.00   
 S transformation         |     0: 0: 1   |     0: 0: 0   |      0.00   
 Data storage             |     0: 0: 0   |     0: 0: 0   |      0.00   
 Adaptive sampling        |     0: 0: 0   |     0: 0: 0   |      0.00   

5. SIMULATION FREQUENCY = 555.556 MHz 
-------------------------
 Green functions          |     0: 0: 0   |     0: 0: 0   |      0.00   
 Matrix load              |     0: 0:19   |     0: 0: 6   |      0.00   
 Matrix solve             |     0: 0: 4   |     0: 0: 2   |      2.45   
 Port calibration         |     0: 0:11   |     0: 0: 5   |      1.84   
 S parameters             |     0: 0: 0   |     0: 0: 0   |      0.00   
 S transformation         |     0: 0: 0   |     0: 0: 0   |      0.00   
 Data storage             |     0: 0: 0   |     0: 0: 0   |      0.00   
 Adaptive sampling        |     0: 0: 0   |     0: 0: 0   |      0.00   

6. SIMULATION FREQUENCY = 1.94444 GHz 
-------------------------
 Green functions          |     0: 0: 1   |     0: 0: 0   |      0.00   
 Matrix load              |     0: 0:18   |     0: 0: 5   |      0.00   
 Matrix solve             |     0: 0: 3   |     0: 0: 2   |      0.26   
 Port calibration         |     0: 0:12   |     0: 0: 5   |      0.00   
 S parameters             |     0: 0: 0   |     0: 0: 0   |      0.00   
 S transformation         |     0: 0: 0   |     0: 0: 0   |      0.00   
 Data storage             |     0: 0: 0   |     0: 0: 0   |      0.00   
 Adaptive sampling        |     0: 0: 0   |     0: 0: 0   |      0.00   

7. SIMULATION FREQUENCY = 8.88889 GHz 
-------------------------
 Green functions          |     0: 0: 0   |     0: 0: 1   |      0.00   
 Matrix load              |     0: 0:17   |     0: 0: 4   |      0.00   
 Matrix solve             |     0: 0: 3   |     0: 0: 2   |      0.77   
 Port calibration         |     0: 0:10   |     0: 0: 4   |      0.00   
 S parameters             |     0: 0: 0   |     0: 0: 0   |      0.00   
 S transformation         |     0: 0: 0   |     0: 0: 0   |      0.00   
 Data storage             |     0: 0: 0   |     0: 0: 0   |      0.00   
 Adaptive sampling        |     0: 0: 1   |     0: 0: 1   |      0.00   

------------------------------------------------------------------------------
TOTALS
------------------------------------------------------------------------------
 Nr of Frequencies   : 7 

 Physical memory :   547.70 MB
 Virtual memory  :   869.63 MB
 Page faults     :          47
 User Time       :    0h 3m56s
 Elapsed Time    :    0h 1m31s

==============================================================================

